<?xml version="1.0" encoding="UTF-8"?>
<!-- Generated by org.testng.reporters.JUnitReportReporter -->
<testsuite hostname="CMDMPFERNANDO" name="api.ManageAPI" tests="2" failures="0" timestamp="2 Dec 2016 05:12:57 GMT" time="51.120" errors="0">
  <testcase name="Test_test2" time="0.002" classname="api.ManageAPI"/>
  <testcase name="Test_API" time="51.118" classname="api.ManageAPI"/>
</testsuite> <!-- api.ManageAPI -->
