<?xml version="1.0" encoding="UTF-8"?>
<!-- Generated by org.testng.reporters.JUnitReportReporter -->
<testsuite hostname="CMDMPFERNANDO" name="api.DeleteAPI" tests="1" failures="0" timestamp="2 Dec 2016 07:56:07 GMT" time="0.005" errors="0">
  <testcase name="test" time="0.005" classname="api.DeleteAPI"/>
</testsuite> <!-- api.DeleteAPI -->
