<?xml version="1.0" encoding="UTF-8"?>
<!-- Generated by org.testng.reporters.JUnitReportReporter -->
<testsuite hostname="CMDMPFERNANDO" name="api.TestngClass" tests="1" failures="0" timestamp="30 Nov 2016 05:40:38 GMT" time="13.787" errors="0">
  <testcase name="searchTestNGInGoogle" time="13.787" classname="api.TestngClass"/>
</testsuite> <!-- api.TestngClass -->
