<?xml version="1.0" encoding="UTF-8"?>
<!-- Generated by org.testng.reporters.JUnitReportReporter -->
<testsuite hostname="CMDMPFERNANDO" name="api.API" tests="1" failures="0" timestamp="1 Dec 2016 10:09:17 GMT" time="0.003" errors="0">
  <testcase name="test2" time="0.003" classname="api.API"/>
</testsuite> <!-- api.API -->
