<?xml version="1.0" encoding="UTF-8"?>
<!-- Generated by org.testng.reporters.JUnitReportReporter -->
<testsuite hostname="CMDMPFERNANDO" name="testpackage.Main" tests="4" failures="0" timestamp="12 Jul 2016 06:48:43 GMT" time="34.792" errors="0">
  <testcase name="dataprovider" time="4.974" classname="testpackage.Main"/>
  <testcase name="dataprovider" time="15.783" classname="testpackage.Main"/>
  <testcase name="dataprovider" time="6.769" classname="testpackage.Main"/>
  <testcase name="dataprovider" time="7.266" classname="testpackage.Main"/>
</testsuite> <!-- testpackage.Main -->
